4112
0 0 3 1
4 0 8 1
9 0 12 1
13 0 17 1
0 2 0 12
1 2 1 12
3 2 3 12
4 2 4 12
5 2 5 12
6 2 6 12
7 2 7 12
8 2 8 12
3 13 8 14
9 2 12 3
9 4 10 8
11 4 12 8
13 2 21 2
13 3 14 8
15 3 16 8
17 3 18 8
20 3 21 8
9 9 10 14
11 9 12 14
13 9 14 14
15 9 16 14
17 9 18 14
20 9 21 14
22 0 22 9
23 0 23 9
24 0 24 9
25 0 25 9
26 0 26 9
27 0 27 9
28 0 28 9
29 0 29 9
30 0 30 9
31 0 31 9
32 0 32 9
33 0 33 9
34 0 36 3
38 0 40 3
35 4 36 9
37 4 38 9
39 4 40 9
41 0 41 9
42 0 42 9
43 0 43 9
44 0 44 9
45 0 48 1
45 2 48 3
45 4 46 9
47 4 48 9
49 0 49 9
50 0 50 9
51 0 51 9
52 0 52 9
53 0 53 9
54 0 54 9
55 0 55 9
56 0 56 9
57 0 57 9
58 0 58 9
59 0 59 9
60 0 61 4
62 0 63 4
60 5 61 9
22 10 23 14
24 10 26 13
27 10 29 13
30 10 32 13
33 10 35 13
36 10 38 13
39 10 40 13
43 10 45 13
34 14 45 14
46 10 47 14
48 10 49 14
50 10 51 14
52 10 53 14
54 10 55 14
56 12 59 14
60 10 61 14
62 10 63 14
64 0 65 5
66 0 67 5
68 0 69 5
70 0 71 5
72 0 73 5
74 0 75 5
76 0 77 5
80 0 81 5
64 6 66 9
67 6 69 9
70 6 72 9
73 6 75 9
77 6 79 9
64 10 65 13
66 10 68 13
69 10 70 13
71 10 73 13
74 10 76 13
77 10 79 13
68 14 79 14
80 6 80 14
81 6 81 14
82 1 83 6
84 0 85 4
86 0 87 4
88 0 98 0
88 1 90 4
91 1 92 4
93 1 95 4
96 1 98 4
84 5 88 6
93 5 98 6
99 0 100 5
101 0 102 5
103 0 104 5
106 0 107 5
99 6 107 6
82 7 86 8
82 9 83 14
85 9 86 14
87 7 95 7
96 7 107 7
96 8 107 8
87 9 88 14
96 9 107 9
92 10 95 12
96 10 99 12
100 10 103 12
104 10 107 12
96 13 101 14
102 13 107 14
108 0 108 11
109 0 109 11
110 0 110 11
111 0 112 4
113 0 114 4
115 0 116 4
117 0 118 4
119 0 121 2
122 0 125 2
126 0 128 2
129 0 131 2
135 0 140 1
132 2 140 2
141 0 144 2
145 0 148 2
149 0 151 2
152 0 155 2
161 0 164 2
120 3 125 4
126 3 131 4
132 3 137 4
138 3 143 4
144 3 149 4
150 3 155 4
156 3 161 4
111 5 113 8
114 5 116 8
114 9 117 11
118 5 120 7
118 8 120 11
121 5 122 10
123 5 124 10
125 5 126 10
127 5 128 10
129 5 130 10
131 5 132 10
133 5 134 10
135 5 136 10
137 5 138 10
139 5 140 10
141 5 142 10
145 5 146 10
147 5 148 10
149 5 150 10
151 5 152 10
153 5 154 10
155 5 156 10
157 5 158 10
159 5 160 10
121 11 128 11
129 11 136 11
137 11 144 11
149 11 160 11
161 5 164 6
161 7 162 11
163 7 164 11
165 0 165 11
166 0 166 11
168 0 168 11
169 0 169 11
170 0 170 11
171 0 171 11
172 0 172 11
173 0 173 11
174 0 174 11
175 0 175 11
176 0 176 11
177 0 177 11
178 0 178 11
179 0 179 11
180 0 180 11
181 0 181 11
182 0 182 11
183 0 183 11
184 0 195 0
184 1 185 6
186 1 187 6
190 1 191 6
192 1 193 6
194 1 195 6
184 7 195 7
184 8 195 8
196 0 199 2
196 3 197 8
198 3 199 8
184 9 187 11
188 9 191 11
192 9 194 11
196 9 199 11
108 12 111 14
112 12 114 14
120 12 123 14
124 12 126 14
127 12 129 14
132 12 135 14
136 12 139 14
140 12 143 14
144 12 147 14
148 12 151 14
152 12 155 14
160 12 171 12
158 13 163 14
164 13 168 14
172 12 175 14
176 12 179 14
180 12 183 14
184 12 187 14
188 12 191 14
192 12 195 14
196 12 199 14
0 15 10 15
11 15 19 15
20 15 31 15
32 15 39 15
40 15 49 15
50 15 57 15
58 15 67 15
68 15 76 15
98 15 109 15
110 15 119 15
128 15 139 15
140 15 151 15
152 15 163 15
164 15 175 15
176 15 187 15
188 15 199 15
0 16 0 23
0 24 0 34
0 35 0 44
0 45 0 55
0 56 0 66
0 67 0 76
0 77 0 86
0 87 0 96
0 97 0 107
0 108 0 116
0 117 0 126
0 127 0 135
0 136 0 143
0 144 0 151
0 152 0 163
0 164 0 171
0 172 0 181
0 192 0 203
0 204 0 215
0 226 0 237
0 238 0 249
1 16 12 16
1 17 2 21
3 17 4 21
5 17 10 18
7 19 10 21
11 17 12 21
1 22 12 22
1 23 12 23
1 24 12 24
1 25 12 25
1 26 1 37
2 26 2 37
3 26 3 37
5 26 5 37
6 26 6 37
7 26 7 37
8 26 8 37
9 26 9 37
10 26 10 37
11 26 11 37
12 26 12 37
1 38 12 38
1 39 12 39
1 40 12 40
1 41 12 41
1 42 12 42
1 43 12 43
1 44 12 44
1 45 12 45
1 46 12 46
1 47 12 47
1 48 12 48
1 49 12 49
1 50 12 50
1 51 12 51
1 52 12 52
1 53 12 53
1 54 12 54
1 55 12 55
1 56 12 56
13 16 13 23
14 16 14 23
15 16 26 16
15 17 26 17
15 18 16 23
17 18 18 23
19 18 20 23
21 18 22 23
23 18 24 23
27 16 36 16
37 16 46 16
57 16 68 16
27 17 32 18
33 17 37 18
38 17 42 18
43 17 46 18
47 17 50 18
51 17 55 18
56 17 59 18
61 17 66 18
27 19 28 23
31 19 34 21
35 19 38 21
39 19 42 21
43 19 45 21
46 19 48 21
51 19 54 21
55 19 58 21
29 22 32 23
33 22 38 23
39 22 42 23
43 22 46 23
47 22 50 23
51 22 56 23
59 19 60 23
61 19 62 23
63 19 64 23
67 18 68 23
13 24 16 26
14 27 14 35
15 27 15 35
16 27 16 35
13 36 14 41
15 36 16 41
13 42 16 44
13 45 16 47
13 48 16 50
13 51 16 53
13 54 16 56
17 24 20 25
21 24 25 25
26 24 30 25
31 24 34 25
39 24 44 25
17 26 28 26
17 27 18 32
19 27 20 32
21 27 22 32
23 27 24 32
25 27 26 32
27 27 28 32
29 26 30 30
31 26 42 26
34 27 36 30
37 27 39 30
40 27 42 30
29 31 33 32
37 31 42 32
17 33 19 36
17 37 19 39
17 40 19 42
17 43 19 46
17 47 17 56
18 47 18 56
20 34 21 39
22 33 27 34
22 35 23 39
24 35 25 39
26 35 27 39
28 33 30 36
31 33 33 36
34 33 35 36
36 33 38 36
40 33 42 36
28 37 31 39
32 37 34 39
35 37 37 39
39 37 42 39
20 40 30 40
20 41 30 41
20 42 20 53
21 42 21 53
22 42 22 53
23 42 25 44
26 42 29 44
24 45 25 49
26 45 27 49
28 45 29 49
23 50 25 53
27 50 29 53
30 42 30 53
31 40 33 43
35 40 37 43
31 44 36 45
31 46 36 47
33 48 34 53
35 48 36 53
37 44 37 53
38 40 38 51
39 40 39 51
40 40 40 51
41 40 41 51
42 40 42 51
38 52 42 53
20 54 22 56
23 54 25 56
26 54 29 56
30 54 32 56
33 54 35 56
36 54 38 56
39 54 42 56
43 26 44 29
43 30 44 34
43 35 44 40
43 41 44 45
43 46 43 56
44 46 44 56
45 24 47 26
48 24 50 26
51 24 54 26
55 24 57 26
58 24 61 26
45 27 45 35
45 36 45 43
45 45 45 56
50 27 61 27
46 28 47 32
48 28 56 28
48 29 51 31
52 29 55 31
56 29 58 31
50 32 61 32
46 33 49 35
46 36 49 37
46 38 49 39
46 40 49 42
46 43 49 45
46 46 46 56
47 46 49 49
47 50 49 52
50 33 60 33
50 34 60 34
50 35 60 35
50 36 60 36
50 37 60 37
50 38 60 38
50 39 60 39
50 40 60 40
50 41 60 41
50 42 50 53
51 42 51 53
52 42 52 53
53 42 53 53
54 42 54 53
55 42 55 53
56 42 56 53
57 42 57 53
58 42 58 53
59 42 59 53
60 42 60 53
50 54 60 54
50 55 60 55
50 56 60 56
61 33 61 41
61 45 61 56
63 24 63 32
62 33 63 38
62 39 63 44
62 45 63 50
65 24 68 26
64 31 64 42
65 27 68 29
65 30 68 31
65 32 65 42
66 32 66 42
67 32 67 42
64 43 68 44
64 45 68 46
64 47 68 48
64 49 68 50
62 51 63 56
64 51 65 56
67 51 68 56
69 16 74 17
69 18 74 19
69 20 74 21
69 22 74 23
69 24 74 25
71 26 72 30
73 26 74 30
69 31 74 32
69 33 69 40
69 45 69 56
70 41 70 52
71 33 71 43
72 33 72 43
73 33 73 43
74 33 74 43
71 44 74 46
71 47 74 49
71 50 74 52
72 53 74 56
75 16 83 16
75 17 76 22
77 17 78 22
79 17 80 22
82 17 83 22
75 23 83 23
75 24 83 24
75 25 83 25
84 16 88 17
89 16 94 17
95 16 100 17
84 18 87 20
86 21 87 25
88 18 93 19
95 18 100 19
88 20 89 25
90 20 91 25
92 20 93 25
94 20 95 25
96 20 97 25
99 20 100 25
75 26 85 26
89 26 100 26
101 16 101 26
102 16 102 26
103 16 103 26
104 16 104 26
105 16 105 26
106 16 106 26
107 16 107 26
108 16 108 26
109 16 109 26
110 16 110 26
75 27 76 31
75 32 76 36
75 37 76 42
75 43 76 46
75 47 75 56
77 27 77 34
77 35 77 43
77 45 77 56
78 27 80 29
78 30 80 33
78 34 80 36
78 37 80 39
78 40 80 42
78 43 80 45
78 46 78 56
79 46 79 56
80 46 80 56
81 27 82 30
81 31 82 35
81 36 82 39
81 40 82 43
81 44 82 47
82 48 82 56
83 27 83 34
83 35 83 43
83 45 83 56
84 27 85 30
86 27 88 30
91 27 93 30
94 27 95 30
96 27 97 30
98 27 100 30
101 27 103 30
104 27 106 30
107 27 109 30
84 31 85 36
86 31 87 36
88 31 90 33
91 31 94 33
91 34 94 36
95 31 96 36
97 31 98 36
99 31 100 36
101 31 102 36
103 31 104 36
105 31 106 36
109 31 110 36
84 37 95 37
84 38 85 43
86 38 87 43
88 38 89 43
90 38 91 43
92 38 93 43
94 38 95 43
97 37 99 40
100 37 102 40
99 41 102 43
103 37 104 42
105 37 106 42
109 37 110 42
103 43 110 43
84 44 84 54
86 44 89 46
90 44 93 46
94 44 97 46
98 44 101 46
85 49 86 54
87 47 87 54
90 47 101 47
90 48 101 48
88 49 89 54
90 49 91 54
92 49 93 54
94 49 95 54
96 49 97 54
98 49 99 54
100 49 101 54
102 44 102 54
103 44 103 54
104 44 104 54
105 44 105 54
106 44 106 54
107 44 107 54
108 44 108 54
110 44 110 54
84 56 92 56
93 55 98 56
99 55 104 56
105 55 110 56
111 22 111 33
112 22 112 33
113 16 114 20
113 21 114 26
113 28 114 33
115 22 115 33
117 16 118 21
119 16 120 21
116 22 120 23
122 16 122 23
123 16 123 23
124 16 126 19
116 24 126 24
116 25 126 25
116 26 126 26
116 27 117 32
118 27 119 32
123 27 124 32
125 27 126 32
116 33 126 33
127 16 130 18
127 19 130 21
127 22 127 33
128 22 128 33
129 22 129 33
130 22 130 33
111 34 115 35
116 34 120 35
125 34 130 35
111 38 112 43
113 36 116 38
115 39 116 43
117 36 117 43
118 38 119 43
111 44 112 49
113 44 117 45
115 46 117 49
118 44 119 49
120 36 130 36
120 37 130 37
120 38 120 49
121 38 121 49
122 38 122 49
123 38 123 49
124 38 128 39
124 40 128 41
124 42 126 44
127 42 128 47
124 48 128 49
129 38 129 49
130 38 130 49
111 51 112 56
113 50 117 51
121 50 126 51
113 52 114 56
115 52 116 56
117 52 118 56
119 52 120 56
121 52 124 53
121 54 124 56
125 52 126 56
127 50 130 51
127 52 128 56
129 52 130 56
131 16 131 25
132 16 134 18
132 22 134 25
135 16 135 25
136 16 138 18
139 16 141 18
142 16 144 18
145 16 147 18
148 16 151 18
152 16 154 18
155 17 159 18
160 16 163 18
164 16 167 18
168 16 171 18
172 16 175 18
176 16 178 18
179 16 182 18
183 16 185 18
186 16 188 18
189 16 192 18
193 16 195 18
136 19 143 19
144 19 154 19
163 19 174 19
137 20 139 23
140 20 142 23
143 20 145 23
146 20 148 23
149 20 151 23
152 20 154 23
155 20 157 23
158 20 160 23
161 20 163 23
164 20 166 23
167 20 169 23
170 20 172 23
136 24 146 24
147 24 155 24
156 24 165 24
136 25 146 25
147 25 154 25
163 25 174 25
175 19 180 20
175 21 176 25
177 21 178 25
179 21 180 25
181 19 184 21
185 19 187 21
188 19 190 21
191 19 193 21
195 19 198 21
181 22 183 25
187 22 189 25
190 22 192 25
193 22 195 25
196 22 198 25
199 16 199 25
131 26 132 29
131 30 132 33
131 34 132 38
131 39 132 44
131 45 131 56
132 45 132 56
133 26 144 26
133 27 144 27
133 28 133 35
133 36 133 47
134 28 136 30
137 28 140 30
134 31 135 36
139 31 140 36
141 31 142 36
143 28 143 36
144 28 144 36
134 37 144 37
134 38 135 43
136 38 137 43
138 38 139 43
140 38 141 43
143 38 144 43
134 44 135 47
136 44 137 47
138 44 140 47
142 44 144 47
133 48 144 48
133 49 144 49
133 50 144 50
133 51 144 51
133 52 144 52
133 53 144 53
133 54 144 54
133 55 144 55
133 56 144 56
145 26 145 33
146 26 148 28
147 29 148 33
149 26 159 26
149 27 159 27
149 28 150 33
151 28 152 33
153 28 154 33
155 28 156 33
158 28 159 33
145 34 146 38
147 36 150 38
151 34 152 38
145 39 146 44
147 39 148 44
151 39 152 44
145 47 146 52
147 45 152 46
147 47 148 52
149 47 150 52
151 47 152 52
153 34 154 37
157 34 159 37
153 38 153 47
154 38 154 47
155 38 155 47
156 38 156 47
158 38 158 47
159 38 159 47
153 48 154 52
155 48 156 52
158 48 159 52
160 26 170 26
176 26 187 26
160 27 162 29
163 27 165 29
166 27 169 29
170 27 172 29
173 27 175 29
176 27 179 29
182 27 185 29
160 30 167 30
174 30 185 30
160 31 160 41
161 31 161 41
162 31 162 41
163 31 163 41
164 31 164 41
165 31 165 41
166 31 167 36
168 31 169 36
170 31 171 36
172 31 173 36
174 31 175 36
176 31 177 36
166 37 177 37
166 38 177 38
166 39 177 39
166 40 177 40
166 41 177 41
178 31 178 41
179 31 179 41
180 31 180 41
181 31 181 41
182 31 182 41
183 31 183 41
184 31 184 41
185 31 185 41
160 42 162 45
163 42 171 42
172 42 183 42
163 43 166 45
167 43 169 45
170 43 173 45
174 43 176 45
177 43 179 45
160 46 171 46
172 46 183 46
160 47 161 52
162 47 164 50
165 47 168 49
169 47 172 49
173 47 175 49
180 47 183 49
172 50 183 50
162 51 167 52
172 51 177 52
178 51 183 52
184 42 184 52
185 42 185 52
186 27 187 30
186 31 187 35
186 36 187 40
186 41 186 52
188 26 199 26
188 27 188 34
189 27 190 32
191 27 192 32
194 27 195 32
196 27 197 32
189 33 199 33
189 34 199 34
192 35 197 36
188 37 197 37
188 38 190 41
191 38 193 41
195 38 197 41
198 36 199 41
188 42 199 42
188 43 199 43
188 44 199 44
188 45 199 45
188 46 199 46
188 47 199 47
188 48 199 48
188 49 199 49
188 50 199 50
188 51 199 51
188 52 199 52
145 53 146 56
147 53 148 56
149 53 151 56
152 53 154 56
155 53 157 56
158 53 160 56
161 53 163 56
164 53 166 56
170 53 181 53
170 54 181 54
167 55 171 56
176 55 181 56
182 53 184 56
185 53 187 56
188 53 190 56
191 53 193 56
194 53 196 56
197 53 199 56
1 57 4 59
5 57 7 59
8 57 10 59
13 57 16 59
1 60 1 69
2 60 2 69
3 60 3 69
4 60 4 69
5 64 6 69
7 60 7 69
8 60 8 69
9 60 11 62
9 63 11 65
9 66 11 69
12 60 12 69
13 60 13 69
14 60 14 69
15 60 15 69
16 60 16 69
17 57 20 58
17 59 17 69
18 59 18 69
19 59 19 69
21 57 22 61
21 62 21 69
23 57 24 62
23 64 24 69
3 71 14 71
15 70 20 71
1 72 11 72
9 73 20 73
1 74 5 75
6 74 10 75
11 74 14 75
21 70 22 75
23 70 24 75
25 57 27 59
26 60 27 65
28 57 28 65
29 57 31 59
32 57 34 59
35 57 38 59
39 57 42 59
43 57 46 59
47 57 49 59
50 57 52 59
53 57 55 59
56 57 58 59
59 57 61 59
62 57 64 59
65 57 72 57
75 57 86 57
69 58 74 59
75 58 80 59
81 58 86 59
87 57 90 59
91 57 94 59
95 57 98 59
99 57 102 59
103 57 106 59
29 60 30 65
31 60 32 65
35 60 36 65
37 60 38 65
40 60 41 64
42 60 43 64
44 60 45 64
46 60 56 60
46 61 48 64
49 61 51 64
52 61 53 64
45 65 56 65
57 60 58 65
59 60 60 65
61 60 62 65
63 60 64 65
65 60 66 65
67 60 68 65
69 60 70 65
71 60 80 60
71 61 80 61
71 62 73 65
74 62 76 65
78 62 80 65
81 60 82 65
83 60 84 65
85 60 86 65
87 60 88 65
89 60 90 65
91 60 92 65
93 60 94 65
95 60 96 65
97 60 98 65
99 60 100 65
101 60 102 65
103 60 104 65
105 60 106 65
107 60 108 65
109 57 111 60
114 57 116 60
109 61 114 62
111 63 114 65
115 61 116 65
117 57 117 65
118 57 120 60
122 57 124 60
118 61 119 65
120 61 121 65
122 61 123 65
125 57 133 57
125 60 126 65
127 58 129 60
127 61 128 65
130 58 130 65
131 58 131 65
132 60 133 65
134 57 134 65
135 57 135 65
136 57 136 65
137 57 137 65
25 66 25 75
26 66 36 66
37 66 48 66
49 66 58 66
59 66 66 66
67 66 75 66
76 66 83 66
84 66 92 66
93 66 101 66
102 66 111 66
112 66 120 66
121 66 129 66
26 67 37 67
38 67 45 67
46 67 54 67
55 67 62 67
71 67 82 67
83 67 92 67
93 67 104 67
113 67 124 67
125 67 136 67
26 68 29 70
30 68 33 70
34 68 37 70
38 68 41 70
42 68 45 70
46 68 49 70
50 68 53 70
54 68 57 70
59 68 62 70
26 71 30 72
31 71 35 72
36 71 40 72
41 71 46 72
47 71 52 72
26 73 29 75
33 73 36 75
37 73 40 75
41 73 44 75
45 73 48 75
49 73 52 75
53 71 54 75
55 71 58 73
57 74 62 75
63 68 66 70
65 71 66 75
67 68 67 75
68 68 70 71
68 72 70 75
71 68 79 68
71 69 80 69
81 69 88 69
93 69 104 69
81 70 92 70
93 70 104 70
71 71 72 75
73 71 74 75
75 71 78 72
79 71 84 72
85 71 90 72
91 71 94 72
95 71 98 72
75 73 77 75
78 73 80 75
81 73 83 75
84 73 86 75
87 73 90 75
91 73 93 75
94 73 97 75
99 73 102 75
103 71 104 75
105 68 112 68
115 68 126 68
106 69 107 73
108 69 109 73
110 69 111 73
112 69 113 73
114 69 115 73
116 69 117 73
119 69 120 73
121 69 126 70
123 71 126 73
127 68 128 73
105 74 116 74
105 75 116 75
117 74 122 75
123 74 128 75
129 68 129 75
130 68 131 73
132 68 133 73
135 68 136 73
131 74 136 75
137 66 137 75
138 57 147 57
148 57 156 57
160 57 171 57
138 58 146 58
138 59 146 59
138 60 146 60
138 61 139 65
138 69 139 74
140 61 141 66
142 61 144 64
142 65 146 66
141 67 146 68
140 69 141 74
142 69 143 74
145 69 146 74
138 75 146 75
147 64 147 75
148 58 149 63
150 58 151 63
152 58 153 63
155 58 156 63
148 64 156 64
149 65 149 75
150 65 150 75
151 65 151 75
152 65 152 75
153 65 153 75
154 65 154 75
155 65 155 75
157 58 168 58
157 59 168 59
157 60 168 60
157 61 168 61
157 62 168 62
157 63 168 63
157 64 157 75
159 64 159 75
160 64 160 75
161 64 161 75
162 64 162 75
163 64 163 75
164 64 164 75
165 64 165 75
166 64 166 75
167 64 167 75
168 64 168 75
169 58 171 61
169 62 171 64
169 65 169 75
170 65 170 75
171 65 171 75
172 58 173 63
172 64 173 69
172 70 173 75
174 57 175 61
174 62 175 65
174 66 174 75
177 57 177 68
178 57 178 68
179 57 179 68
180 57 180 68
176 69 180 70
176 71 180 72
176 73 180 74
181 57 183 59
181 60 183 63
181 64 181 74
182 64 182 74
183 64 183 74
176 75 183 75
1 76 2 80
1 81 2 85
1 86 2 90
1 91 2 96
1 97 2 101
1 102 2 106
1 107 2 112
1 113 2 116
1 117 2 120
1 121 2 124
1 125 2 129
1 130 1 140
1 141 1 148
1 149 1 158
1 159 1 168
1 169 1 178
1 179 1 187
2 130 2 140
2 141 2 149
2 150 2 160
2 161 2 169
2 170 2 179
2 180 2 190
1 200 2 204
1 205 2 209
1 210 2 213
1 215 1 226
2 215 2 226
1 227 2 232
1 233 2 238
3 76 10 76
3 77 10 77
3 78 4 81
5 78 7 81
8 78 10 81
3 82 3 92
4 82 7 84
4 85 7 87
4 88 5 92
6 88 7 92
8 82 8 92
9 82 9 92
10 82 10 92
11 76 12 81
13 76 14 81
16 76 17 81
18 76 19 81
20 76 21 81
22 76 23 81
24 76 25 81
26 76 27 81
28 76 29 81
30 76 31 81
32 76 33 81
34 76 35 81
36 76 37 81
38 76 39 81
40 76 41 81
42 76 43 81
44 76 45 81
46 76 47 81
48 76 49 81
50 76 51 81
52 76 53 81
54 76 55 81
56 76 57 81
58 76 59 81
60 76 61 81
62 76 64 79
65 76 67 79
62 80 67 81
68 76 69 81
70 76 71 81
72 76 73 81
74 76 75 81
76 76 77 81
11 82 11 92
12 82 17 83
18 82 23 83
24 82 28 83
29 82 37 82
34 83 45 83
16 84 21 85
22 84 32 84
22 85 31 85
34 85 45 85
12 86 15 87
12 88 13 92
14 88 15 92
16 86 27 86
16 87 27 87
16 88 27 88
16 89 18 92
19 89 21 92
22 89 24 92
25 89 27 92
28 86 29 90
30 86 31 90
32 86 33 90
29 91 34 92
35 86 43 86
35 87 36 92
37 87 38 92
39 87 40 92
42 87 43 92
44 87 45 92
46 82 46 92
47 82 47 92
48 82 48 92
49 82 49 92
50 82 50 92
51 82 51 92
52 82 52 92
53 82 55 84
53 85 55 88
53 89 55 92
56 82 56 92
57 82 57 92
58 82 58 92
59 82 59 92
60 82 60 92
61 82 64 83
61 84 64 86
61 87 62 92
63 87 64 92
65 82 65 92
66 82 66 92
67 82 67 92
68 82 76 82
68 83 76 83
68 84 76 84
68 85 76 85
68 86 76 86
68 87 69 92
70 87 71 92
72 87 73 92
74 87 75 92
77 82 77 92
78 82 78 92
79 82 79 92
80 76 81 81
80 83 81 88
82 76 85 78
82 79 85 80
82 81 85 82
82 83 83 88
84 83 85 88
86 76 90 77
91 76 94 77
95 76 100 77
103 76 108 77
109 76 114 77
115 76 120 77
121 76 126 77
86 78 86 88
87 78 87 88
88 78 88 88
89 78 89 88
90 78 90 88
91 78 91 88
92 78 92 88
94 78 94 87
95 78 95 87
96 78 96 87
97 78 97 87
98 78 98 87
100 78 105 79
99 80 100 83
103 80 105 83
99 84 101 87
103 84 105 87
106 78 106 87
107 78 107 87
108 78 109 83
110 78 111 83
112 78 113 83
114 78 115 83
116 78 117 83
118 78 119 83
120 78 121 83
122 78 123 83
125 78 126 83
108 84 110 87
111 84 112 87
113 84 114 87
115 84 116 87
117 84 119 87
120 84 121 87
122 84 124 87
93 88 104 88
105 88 113 88
115 88 126 88
80 89 82 92
83 89 84 92
85 89 87 92
88 89 90 92
91 89 92 92
93 89 95 92
96 89 97 92
100 89 102 92
103 89 105 92
106 89 108 92
109 89 111 92
112 89 114 92
115 89 117 92
118 89 120 92
121 89 123 92
124 89 126 92
127 76 128 80
129 76 133 77
130 78 133 80
128 81 133 82
130 83 133 85
127 86 129 89
131 86 133 89
134 78 134 89
127 90 134 90
129 91 134 92
135 76 135 87
136 76 136 87
137 76 137 87
138 76 138 87
139 76 139 87
135 88 139 89
135 90 139 91
140 76 141 81
142 76 142 87
143 76 143 87
144 76 144 87
145 76 145 87
140 88 145 89
140 90 145 91
146 80 146 91
153 76 164 76
149 77 150 82
151 77 152 82
153 77 154 82
155 77 156 82
157 77 158 82
159 77 160 82
161 77 162 82
163 77 164 82
147 83 152 84
147 85 152 86
147 87 148 91
149 87 150 91
153 83 164 83
153 85 156 87
153 88 156 90
157 84 159 86
157 87 159 90
160 84 164 85
160 86 161 90
162 86 164 89
153 91 164 91
165 76 166 81
165 86 166 91
167 76 168 79
167 80 167 91
168 80 168 91
135 92 144 92
145 92 153 92
157 92 168 92
169 76 171 79
173 76 175 79
170 80 171 85
172 80 173 85
174 80 175 85
169 89 171 92
172 86 175 87
172 88 173 92
176 76 177 79
176 80 177 83
176 84 176 92
177 84 177 92
178 76 183 77
178 78 183 79
178 80 183 81
178 82 178 92
179 82 179 92
180 82 180 92
181 82 181 92
182 82 182 92
3 93 4 98
5 93 6 98
7 93 8 98
9 93 10 98
3 99 10 99
11 93 20 93
11 94 12 99
15 94 16 99
17 94 18 99
19 94 20 99
21 93 22 98
23 93 24 98
25 93 26 98
27 93 28 98
29 93 30 98
31 93 32 98
33 93 34 98
35 93 36 98
37 93 38 98
39 93 40 98
41 93 42 98
43 93 44 98
45 93 46 98
47 93 48 98
49 93 50 98
51 93 61 93
63 93 74 93
51 94 53 97
54 94 56 97
58 94 60 97
61 94 63 97
64 94 66 97
55 98 66 98
67 94 70 96
71 94 74 96
69 97 74 98
75 93 76 98
77 93 78 98
21 99 28 99
29 99 39 99
40 99 49 99
50 99 58 99
67 99 78 99
79 94 80 99
81 93 84 94
81 95 82 99
83 95 84 99
85 93 88 95
89 93 91 95
95 93 98 95
99 93 102 95
103 93 106 95
107 93 110 95
111 93 114 95
115 93 118 95
119 93 122 95
123 93 125 95
126 93 128 95
129 93 134 94
129 95 138 95
139 93 141 95
142 93 145 95
146 93 149 95
150 93 152 95
153 93 158 94
159 93 163 94
164 93 169 94
170 93 174 94
178 93 183 94
153 95 162 95
163 95 171 95
172 95 183 95
85 96 86 99
87 96 88 99
89 96 91 99
92 96 93 99
94 96 95 99
96 96 97 99
98 96 100 99
101 96 103 99
104 96 106 99
107 96 108 99
109 96 111 99
112 96 113 99
114 96 116 99
117 96 118 99
119 96 120 99
121 96 126 97
121 98 126 99
127 96 129 99
130 96 132 99
133 96 135 99
136 96 137 99
140 96 145 97
140 98 145 99
146 96 148 99
149 96 151 99
152 96 154 99
155 96 157 99
158 96 160 99
161 96 162 99
163 96 164 99
165 96 167 99
170 96 174 97
170 98 174 99
175 96 177 99
178 96 180 99
181 96 183 99
3 100 3 108
7 100 12 101
4 102 8 103
4 104 12 104
7 105 12 106
7 107 12 108
13 100 13 108
14 100 21 100
16 101 21 102
14 103 15 108
16 103 17 108
18 103 19 108
20 103 21 108
22 103 23 108
24 100 24 108
25 100 25 108
26 100 26 108
3 109 4 114
5 109 6 114
7 109 8 114
9 109 17 109
9 110 11 113
12 110 14 113
9 114 17 114
18 109 19 114
20 109 21 114
22 109 23 114
24 111 26 114
27 100 28 105
28 106 28 114
3 115 6 116
7 115 10 116
11 115 14 116
19 115 24 116
3 117 6 119
3 120 6 122
3 123 6 125
3 126 6 127
3 130 4 135
3 136 4 140
3 141 3 152
4 141 4 152
3 153 4 158
3 159 4 164
3 165 4 168
3 169 4 172
3 173 4 177
3 178 3 188
5 128 6 131
5 132 6 136
5 137 5 146
5 147 6 152
5 153 6 158
5 159 6 164
5 165 6 170
5 171 6 176
5 177 6 182
5 183 6 188
3 189 6 191
3 192 6 194
3 195 6 197
3 198 6 200
3 201 6 203
3 204 6 206
3 207 6 209
7 117 9 120
7 121 9 123
7 124 9 126
7 127 9 129
7 130 9 132
7 133 9 136
7 137 7 146
8 137 8 146
9 137 9 146
7 147 9 150
7 151 9 153
7 154 7 162
8 154 8 162
7 163 9 166
7 167 9 170
7 171 7 179
7 180 7 187
7 188 7 197
8 171 9 176
8 177 9 181
8 182 9 185
8 186 9 190
8 191 9 194
8 195 9 199
8 200 8 209
3 210 4 215
5 210 6 215
8 210 9 215
3 216 3 224
3 227 3 238
4 216 4 223
7 216 8 220
5 221 8 223
4 224 8 225
4 227 4 238
5 226 8 228
5 229 5 238
6 229 6 238
7 232 8 235
9 216 9 225
9 227 9 238
13 117 15 120
16 117 18 120
19 117 21 120
22 117 24 120
10 121 12 123
13 121 16 123
17 121 19 123
21 121 24 123
10 124 14 125
10 126 14 127
10 128 10 138
11 128 11 138
12 128 12 138
13 128 13 138
14 128 14 138
15 124 24 124
15 125 24 125
15 126 24 126
15 127 15 138
16 127 20 128
16 129 20 130
16 131 20 132
17 133 18 138
19 133 20 138
21 127 21 138
22 127 22 138
23 127 23 138
24 127 24 138
10 139 10 146
10 147 10 154
10 155 10 166
10 167 10 174
10 175 10 184
10 185 10 193
10 194 10 204
10 205 10 213
10 214 10 223
10 227 10 238
11 139 12 143
13 139 14 143
15 139 16 143
17 139 18 143
19 139 20 143
21 139 22 143
23 139 24 143
11 144 12 149
13 144 14 149
15 144 16 149
17 144 18 149
19 144 20 149
21 144 22 149
23 144 24 149
13 150 24 150
11 151 15 152
12 153 12 160
14 155 15 160
16 151 16 160
17 151 17 160
11 163 12 168
11 169 12 174
13 161 17 162
14 163 14 174
15 163 15 174
16 163 16 174
17 163 17 174
11 175 12 178
15 175 17 178
11 179 14 181
11 182 14 184
11 185 11 194
12 185 12 194
13 185 13 194
14 185 14 194
15 179 17 182
15 183 15 194
16 183 16 194
17 183 17 194
11 195 15 196
12 197 15 199
16 195 17 199
12 200 17 201
11 202 15 203
11 204 15 205
11 206 15 207
11 208 15 209
11 210 11 221
12 210 12 221
13 210 13 221
15 210 15 221
16 202 17 206
16 207 17 211
16 212 16 221
11 227 11 238
12 223 12 234
13 222 16 224
14 225 16 228
13 229 16 231
13 232 16 234
17 223 17 234
12 235 17 236
12 237 17 238
19 151 19 161
20 151 20 161
21 151 21 161
22 151 22 161
23 151 23 161
24 151 24 161
18 162 19 166
20 162 21 166
23 162 24 166
18 167 20 170
18 171 20 174
18 175 20 178
18 179 20 182
18 183 20 186
18 187 18 198
19 187 19 198
20 187 20 198
21 167 24 169
21 170 24 172
21 173 24 175
21 176 21 186
22 176 22 184
22 187 22 198
23 176 24 180
23 181 24 184
23 185 24 189
23 190 23 198
24 190 24 198
18 199 18 208
18 209 18 219
18 227 18 238
19 199 24 200
19 201 24 202
19 203 24 204
19 205 24 206
19 207 24 208
19 209 24 210
19 211 24 212
19 213 24 214
19 215 24 216
19 217 24 218
19 219 24 220
19 221 24 222
19 223 24 224
19 225 24 226
19 227 19 238
20 227 20 238
21 227 21 238
22 227 22 238
23 227 23 238
24 227 24 238
25 115 26 119
25 120 28 122
25 123 28 125
25 126 28 128
25 129 28 130
25 131 28 133
26 134 28 137
25 138 28 140
25 141 28 143
25 144 28 146
25 147 28 149
25 150 28 152
25 153 28 155
25 156 27 158
26 159 27 164
28 156 28 164
25 165 28 167
25 168 28 170
25 171 28 173
25 174 28 176
25 177 28 179
25 180 28 182
25 183 28 185
25 186 26 190
25 191 26 195
25 196 26 201
25 202 25 211
27 188 28 193
27 194 28 199
27 200 28 205
27 206 28 211
25 212 28 214
25 215 28 217
25 218 28 220
25 221 28 223
25 224 28 226
25 227 28 229
25 230 28 232
25 233 28 235
25 236 28 238
29 100 32 101
29 102 29 112
30 102 30 112
31 102 31 112
32 102 32 112
29 113 32 115
29 116 32 118
29 119 32 121
29 122 32 124
29 125 32 127
29 128 32 130
29 131 32 133
29 134 32 136
29 137 32 139
29 140 32 142
29 143 32 145
29 146 32 148
33 100 35 102
33 103 33 114
33 116 33 127
34 103 34 114
35 103 35 114
34 115 35 120
34 121 35 126
34 127 35 132
34 133 35 138
34 139 35 144
33 145 35 148
30 149 35 150
29 151 31 154
33 151 35 154
30 155 35 156
36 100 41 101
36 102 41 103
36 104 41 105
36 106 41 107
36 108 36 118
37 108 37 118
38 108 40 111
39 113 40 118
41 108 41 118
36 119 41 120
36 121 41 122
36 123 41 124
36 125 41 126
36 127 41 128
36 129 41 130
36 131 41 132
36 133 41 134
36 135 41 136
36 137 41 138
36 139 41 140
36 144 38 147
39 141 41 143
39 144 41 147
36 148 41 149
36 150 41 151
36 152 41 153
42 100 46 101
42 102 46 103
42 104 46 105
42 106 46 107
42 108 43 113
45 108 46 113
42 114 46 115
42 116 42 125
42 126 42 135
42 138 42 149
44 116 44 125
43 126 44 131
43 132 44 137
43 138 44 143
43 144 44 149
42 150 44 153
45 116 46 120
45 121 46 125
45 126 46 130
45 131 46 135
45 136 46 141
45 142 45 153
46 142 46 153
36 154 46 154
36 155 46 155
36 156 46 156
35 157 46 157
29 158 29 168
30 158 30 168
31 158 31 168
32 158 32 168
33 158 33 168
34 158 34 168
35 158 35 168
36 158 36 168
37 158 37 168
38 158 38 168
39 158 39 168
40 158 40 168
41 158 41 168
42 158 45 160
42 161 46 162
42 163 46 164
42 165 46 166
42 167 46 168
29 169 29 176
30 171 31 176
32 171 33 176
34 169 34 176
35 169 46 169
35 170 46 170
35 171 36 176
37 171 38 176
39 171 40 176
41 171 42 176
43 171 44 176
45 171 46 176
29 177 32 179
29 180 31 183
30 184 31 189
32 180 32 189
33 177 42 177
33 178 33 189
34 178 34 189
35 178 37 180
35 181 37 184
36 185 37 189
38 178 38 189
39 178 39 189
40 178 40 189
41 178 41 189
42 178 42 189
43 177 43 186
45 177 45 186
46 177 46 186
43 187 46 189
29 191 34 192
35 190 38 192
39 190 42 192
43 190 46 192
29 193 30 197
29 198 30 201
29 202 30 206
29 207 30 212
29 213 29 222
30 213 30 222
31 193 31 201
31 207 31 218
32 193 32 201
32 207 32 218
33 193 34 198
35 193 36 198
37 193 38 198
40 193 41 198
33 199 34 204
35 199 36 204
37 199 38 204
40 199 41 204
33 205 36 207
38 205 41 207
33 208 41 208
33 209 41 209
33 210 35 213
36 210 38 213
33 214 41 214
33 215 41 215
33 216 41 216
36 217 41 218
42 193 46 194
42 195 46 196
42 197 46 198
42 199 46 200
42 201 43 206
45 201 46 206
42 207 42 218
43 207 45 209
43 210 45 213
46 207 46 218
31 219 33 222
34 219 36 222
37 219 39 222
40 219 41 222
42 219 43 222
44 219 46 222
29 223 31 225
29 226 31 228
29 229 29 238
30 229 30 238
31 229 31 238
32 223 36 224
32 225 36 226
32 227 32 238
33 227 33 238
34 227 34 238
35 227 35 238
36 227 36 238
37 223 46 223
37 224 46 224
37 225 37 236
38 225 38 236
39 225 39 236
41 225 41 236
42 225 42 236
43 225 43 236
44 225 44 236
45 225 45 236
46 225 46 236
37 237 46 237
37 238 46 238
49 100 60 100
47 101 47 110
48 101 48 110
49 101 49 110
50 101 50 110
51 101 51 110
52 101 52 110
53 105 54 110
47 111 47 121
48 111 52 112
48 113 52 114
48 115 52 116
49 117 50 121
51 117 52 121
53 111 53 121
54 111 54 121
55 101 60 102
55 103 60 104
55 105 60 106
55 107 56 111
57 107 58 111
59 107 60 111
55 112 60 113
55 114 60 115
55 116 60 117
55 118 60 119
55 120 60 121
47 122 47 133
48 122 48 133
49 122 49 133
50 122 50 133
51 122 51 133
52 122 52 133
53 122 53 133
54 122 54 133
55 122 55 133
56 122 56 133
57 122 57 133
58 122 58 133
59 122 59 133
60 122 60 133
47 134 51 135
55 134 60 135
47 136 48 141
49 136 50 141
51 136 52 141
53 136 54 141
55 136 56 141
57 136 58 141
59 136 60 141
47 144 47 155
48 142 50 144
48 145 48 155
49 145 49 155
51 142 53 144
54 142 56 144
57 142 60 144
51 145 51 154
52 145 52 154
53 145 53 154
54 145 55 150
56 145 57 150
59 145 60 150
54 151 56 154
58 151 60 154
51 155 60 155
61 100 66 101
61 102 66 103
61 104 66 105
61 106 66 107
61 108 66 109
61 110 66 111
61 112 66 113
61 114 66 115
61 116 66 117
61 118 66 119
61 120 66 121
61 122 62 126
63 122 64 126
65 122 66 126
61 127 61 137
63 127 63 137
64 127 64 137
65 127 65 137
66 127 66 137
61 138 66 139
61 140 66 141
61 142 66 143
61 144 66 145
62 146 62 155
63 146 63 155
64 146 64 155
65 146 65 155
66 146 66 155
67 100 71 101
67 102 71 103
67 104 69 106
67 107 67 116
68 107 68 116
70 104 71 108
70 111 71 116
72 100 72 108
73 100 73 108
74 100 74 108
75 101 76 106
77 100 78 105
79 100 80 105
81 100 82 105
83 100 84 105
85 100 86 105
87 100 88 105
89 100 90 105
81 106 92 106
75 107 78 108
79 107 83 108
87 107 92 108
72 109 73 114
75 109 80 110
75 111 80 112
74 113 78 114
81 109 82 114
83 109 90 109
83 110 90 110
83 111 85 114
86 111 88 114
91 109 92 114
93 100 94 105
94 106 94 114
72 115 76 116
77 115 80 116
81 115 85 116
89 115 94 116
67 117 67 124
67 125 67 135
67 144 67 155
69 117 74 118
68 119 71 120
68 121 71 122
68 126 68 137
69 123 71 126
69 127 69 137
71 127 71 137
68 138 71 140
68 141 71 143
68 144 71 146
68 147 71 149
68 150 71 152
68 153 71 155
72 119 72 127
73 119 73 127
72 128 74 131
72 132 74 135
72 136 74 139
72 140 74 143
72 144 74 147
72 148 74 151
72 152 74 155
75 120 75 131
76 120 76 131
75 132 76 136
75 137 76 141
75 142 76 146
76 147 76 155
77 117 79 120
77 121 77 129
77 130 77 137
78 121 79 126
78 127 79 132
78 133 79 136
78 137 79 141
79 142 79 151
81 117 81 127
80 128 81 133
80 134 81 139
80 140 81 145
80 146 81 151
77 152 81 153
77 154 81 155
82 117 82 125
83 117 83 125
82 126 83 131
82 132 83 137
82 138 83 143
82 144 83 149
82 150 83 155
84 120 84 131
84 132 84 143
85 132 85 143
84 144 85 149
84 150 85 155
86 117 94 117
86 118 94 118
86 119 94 119
89 120 94 121
86 122 94 122
86 123 94 123
86 130 86 141
87 128 87 139
88 128 88 139
89 124 94 125
89 126 94 127
90 128 90 139
91 128 91 139
92 128 92 139
93 128 93 139
94 128 94 139
89 140 94 141
86 142 94 142
86 143 94 143
86 144 91 145
86 146 91 147
88 148 89 153
90 148 91 153
92 144 92 153
93 144 93 153
94 144 94 153
86 154 94 154
86 155 94 155
95 100 95 109
95 110 95 117
95 118 95 127
95 128 95 137
95 144 95 155
96 100 97 104
96 105 97 108
96 109 97 113
96 114 97 118
96 119 97 123
96 124 97 128
96 129 97 133
96 134 97 138
96 139 97 142
96 143 97 147
96 148 96 155
98 100 98 109
98 120 98 131
98 132 98 143
98 144 98 155
99 100 99 107
99 118 99 129
99 130 99 141
100 100 102 102
100 103 102 106
100 107 102 109
100 110 102 113
100 114 102 117
100 118 102 120
100 121 102 124
100 125 102 127
100 128 102 130
100 131 100 141
101 131 101 141
102 131 102 141
103 100 107 101
103 102 107 103
103 104 107 105
103 106 107 107
103 108 104 111
105 108 107 111
103 112 107 113
103 114 107 115
103 116 104 121
103 122 106 124
105 125 106 129
107 118 107 129
103 130 107 131
103 132 107 133
103 134 107 135
103 136 107 137
103 138 107 139
103 140 107 141
108 100 110 103
111 100 112 103
113 100 115 103
116 100 118 103
119 100 121 103
122 100 124 103
125 100 127 103
128 100 130 103
131 100 133 103
134 100 136 103
137 100 139 103
140 100 142 103
143 100 145 103
146 100 148 103
149 100 151 103
152 100 161 100
152 101 161 101
152 102 157 103
108 104 117 104
118 104 125 104
126 104 135 104
136 104 145 104
150 104 161 104
162 100 163 104
164 100 168 101
169 100 173 101
176 100 181 101
166 102 169 104
170 102 173 104
174 102 177 104
178 102 181 104
182 100 183 104
108 105 108 116
109 105 109 116
110 105 110 116
111 105 111 116
112 105 112 116
114 105 114 116
115 105 115 116
116 105 116 116
117 105 117 116
118 105 118 116
119 105 119 116
120 105 120 116
121 105 121 116
122 105 122 116
123 105 123 116
124 105 124 116
125 105 125 116
126 105 126 116
127 105 127 116
128 105 128 116
129 105 129 116
130 105 130 116
131 105 131 116
132 105 132 116
133 105 133 116
134 105 134 116
109 117 110 122
111 117 112 122
113 117 114 122
115 117 116 122
117 117 118 122
119 117 126 117
119 118 126 118
119 119 121 122
122 119 124 122
127 117 128 122
129 117 130 122
131 117 132 122
133 117 134 122
108 123 111 125
112 123 114 125
115 123 117 125
118 123 120 125
121 123 124 125
125 123 128 125
131 123 134 125
108 126 109 130
110 126 115 127
121 126 126 127
110 128 121 128
115 129 126 129
127 126 129 129
130 126 132 129
110 130 118 130
121 130 132 130
133 126 134 130
108 131 110 133
111 131 114 133
115 131 117 133
118 131 120 133
121 131 123 133
124 131 134 131
129 132 134 133
110 134 115 135
108 136 109 141
110 136 111 141
112 136 113 141
114 136 115 141
116 136 117 141
118 134 118 141
119 134 121 137
119 138 121 141
122 134 122 141
123 134 125 137
123 138 125 141
126 134 126 141
127 134 134 134
127 135 128 140
129 135 130 140
131 135 132 140
133 135 134 140
127 141 134 141
135 105 137 108
138 105 139 108
140 105 141 108
142 105 144 108
145 105 147 108
148 105 150 108
151 105 153 108
154 105 156 108
157 107 162 108
163 105 165 108
166 105 168 108
169 105 171 108
172 105 174 108
175 105 177 108
178 105 180 108
181 105 183 108
135 109 145 109
135 110 135 121
136 110 136 121
138 110 138 121
139 110 139 121
140 110 140 121
141 110 141 121
142 110 142 121
143 110 143 121
144 110 144 121
145 110 145 121
135 122 138 124
139 122 141 124
142 122 145 124
135 125 145 125
135 126 145 126
135 127 145 127
135 128 145 128
135 129 139 130
140 129 145 130
135 131 145 131
135 132 145 132
135 133 145 133
135 134 136 139
137 134 138 139
139 134 140 139
141 134 142 139
144 134 145 139
146 109 148 111
146 112 146 120
147 112 147 120
148 112 148 120
146 121 148 124
146 128 148 131
146 132 148 135
146 136 148 139
135 140 138 141
143 140 148 141
149 109 159 109
149 110 159 110
149 111 159 111
149 112 159 112
149 113 159 113
149 114 149 125
150 114 150 125
151 114 151 125
152 114 152 125
153 114 153 125
154 114 154 125
155 114 155 125
156 114 156 125
157 114 157 125
158 114 158 125
149 126 159 126
149 127 159 127
149 128 159 128
149 129 154 130
149 131 154 132
149 133 154 134
149 135 150 140
151 135 154 137
151 138 154 140
155 129 155 140
156 129 156 140
157 129 157 140
158 129 158 140
159 129 159 140
149 141 159 141
160 109 160 118
160 119 160 126
160 130 160 141
161 109 161 116
161 117 161 124
161 130 161 141
163 109 168 110
162 113 163 118
162 119 163 124
164 111 168 112
164 113 164 124
165 113 165 124
167 113 167 124
168 113 168 124
162 125 162 136
163 125 163 136
164 125 164 136
165 125 165 136
166 125 166 136
168 125 168 136
162 137 163 141
164 137 165 141
167 137 168 141
169 111 170 116
169 118 170 123
169 124 170 129
169 130 169 141
170 130 170 141
171 109 171 118
171 119 171 126
171 130 171 141
172 109 172 116
172 117 172 125
172 130 172 141
174 109 177 111
173 112 176 114
173 115 176 116
173 117 176 119
177 112 177 122
178 109 178 119
179 109 179 119
180 109 180 119
181 109 181 119
178 120 181 122
182 109 183 112
182 113 182 122
183 113 183 122
173 123 176 124
178 123 183 124
173 125 183 125
173 126 183 126
173 127 174 132
175 127 176 132
177 127 178 132
179 127 180 132
181 127 182 132
173 133 183 133
173 134 183 134
173 135 183 135
173 136 183 136
173 137 175 140
176 137 178 140
179 137 180 140
181 137 183 140
173 141 183 141
99 142 102 144
103 142 106 144
107 142 109 144
110 142 113 144
114 142 116 144
117 142 120 144
121 142 123 144
124 142 126 144
127 142 130 144
131 142 134 144
135 142 138 144
139 142 141 144
142 142 145 144
146 142 149 144
150 142 152 144
153 142 155 144
156 142 159 144
160 142 163 144
164 142 166 144
167 142 170 144
171 142 173 144
174 142 176 144
180 142 183 144
99 145 101 148
102 145 103 148
104 145 106 148
107 145 109 148
110 145 112 148
113 145 121 145
129 145 140 145
117 146 120 148
123 146 128 147
121 148 128 148
129 146 132 148
133 146 136 148
137 146 140 148
141 145 143 148
144 145 145 148
146 145 148 148
150 145 152 148
153 145 155 148
156 145 158 148
159 145 168 145
159 146 162 148
165 146 168 148
169 145 171 148
172 145 174 148
175 145 177 148
178 145 180 148
181 145 183 148
99 149 108 149
109 149 117 149
126 149 137 149
99 150 100 155
101 150 105 151
103 152 105 155
106 150 107 155
108 150 109 155
110 150 111 155
112 150 113 155
114 150 115 155
116 150 117 155
118 150 119 155
120 150 121 155
122 150 123 155
124 150 125 155
126 150 127 155
128 150 129 155
130 150 131 155
132 150 133 155
134 150 135 155
136 150 137 155
139 149 141 152
142 149 144 152
145 149 147 152
148 149 150 152
151 149 153 152
154 149 156 152
157 149 159 152
160 149 162 152
163 149 165 152
166 149 168 152
169 149 171 152
172 149 174 152
175 149 177 152
178 149 180 152
181 149 183 152
138 153 143 154
144 153 148 154
149 153 153 154
154 153 157 154
158 153 163 154
140 155 151 155
152 155 163 155
164 153 167 155
168 153 171 155
172 153 175 155
176 153 179 155
180 153 183 155
62 156 73 156
74 156 85 156
86 156 97 156
98 156 109 156
110 156 121 156
47 157 56 157
47 158 47 169
49 158 49 169
50 158 50 169
51 158 51 169
52 158 52 169
47 170 52 171
47 172 52 173
47 174 52 175
53 164 53 175
54 164 54 175
55 158 56 162
55 163 56 166
55 167 55 175
57 157 66 157
57 158 59 161
60 158 61 161
62 158 63 161
64 158 66 161
57 162 57 171
59 162 59 171
60 162 60 171
61 162 61 171
62 162 62 171
63 162 63 171
64 162 64 171
65 162 65 171
66 162 66 171
57 172 66 172
57 173 66 173
57 174 66 174
57 175 66 175
67 157 71 158
76 157 81 158
67 159 68 164
69 159 70 164
71 159 72 164
73 159 74 164
75 159 76 164
77 159 78 164
80 159 81 164
70 165 81 165
67 166 68 171
69 166 70 171
71 166 72 171
74 166 77 168
74 169 77 171
78 166 79 171
80 166 81 171
67 172 69 175
73 172 75 175
76 172 78 175
79 172 81 175
82 157 85 159
86 157 89 159
90 157 93 159
96 157 99 159
100 157 103 159
104 157 107 159
82 160 85 162
83 163 85 166
86 160 87 165
90 160 91 165
92 160 93 165
94 160 95 165
96 160 97 165
86 166 97 166
82 167 82 175
83 167 86 168
83 169 86 171
84 172 86 175
87 167 87 175
88 167 88 175
89 167 89 175
90 167 90 175
91 167 91 175
92 167 92 175
93 167 93 175
94 167 94 175
95 167 95 175
96 167 96 175
97 167 97 175
98 160 107 160
98 161 107 161
98 162 107 162
98 163 101 165
98 166 98 175
100 166 100 175
101 166 101 175
102 163 107 164
102 165 102 175
103 165 103 175
104 165 104 175
105 165 105 175
106 165 107 169
108 157 108 167
109 157 109 167
110 157 110 167
111 157 113 159
111 160 113 162
112 163 113 167
114 157 114 167
108 168 109 173
110 168 111 173
112 168 113 173
108 174 113 175
114 168 114 175
115 157 117 160
119 157 121 160
116 161 121 162
118 163 121 165
116 166 121 167
115 168 118 170
115 171 116 175
117 171 118 175
120 171 121 175
122 156 123 160
122 161 123 165
122 166 122 175
123 166 123 175
124 156 134 156
124 157 134 157
124 158 125 163
124 164 124 174
125 164 125 174
126 158 129 159
126 160 129 162
126 163 126 174
127 163 127 174
128 163 128 174
129 163 129 174
130 158 131 161
132 158 134 161
130 162 130 172
131 162 131 172
133 162 133 172
134 162 134 172
130 173 134 174
124 175 134 175
135 156 136 161
137 156 138 161
141 156 142 161
143 156 144 161
135 162 137 164
141 162 144 164
135 165 144 165
135 166 144 166
135 167 144 167
136 168 138 171
139 168 141 171
142 168 144 171
135 172 137 174
138 172 140 174
141 172 144 174
135 175 144 175
146 156 146 167
147 156 147 167
145 168 147 171
148 156 150 158
148 159 150 161
148 162 148 171
149 162 149 171
145 172 150 173
151 162 151 173
146 174 151 175
153 156 154 161
155 156 156 161
157 156 158 161
152 162 153 167
154 162 155 167
157 162 158 167
152 168 156 169
152 170 153 175
155 170 156 175
157 168 157 175
158 168 158 175
159 156 159 165
161 156 162 161
163 156 164 161
165 156 166 161
167 156 168 161
169 156 170 161
171 156 172 161
161 162 172 162
161 163 164 165
165 163 168 165
169 163 172 165
173 156 176 158
173 159 176 161
177 156 178 161
179 156 180 161
173 162 175 165
178 162 180 165
181 156 181 165
182 156 182 165
183 156 183 165
159 166 160 169
159 170 160 175
161 166 161 175
162 166 172 166
162 167 172 167
162 168 172 168
162 169 172 169
162 170 172 170
162 171 172 171
162 172 165 174
166 172 168 174
169 172 172 174
162 175 172 175
173 166 173 175
174 166 174 175
175 166 175 175
176 166 176 175
177 166 177 175
178 166 182 167
178 168 179 173
181 168 182 173
178 174 182 175
183 166 183 175
47 176 47 186
48 176 48 186
49 176 49 186
50 176 50 186
51 176 51 186
52 176 60 176
61 176 69 176
70 176 77 176
78 176 85 176
86 176 93 176
94 176 104 176
105 176 112 176
113 176 121 176
122 176 131 176
132 176 141 176
142 176 149 176
150 176 157 176
164 176 175 176
52 177 63 177
52 178 63 178
52 179 63 179
52 180 63 180
52 181 53 186
54 181 55 186
56 181 57 186
58 181 59 186
60 181 61 186
62 181 63 186
64 177 64 186
65 177 65 186
66 177 68 179
66 180 68 182
66 183 68 186
69 177 69 186
70 177 70 186
71 177 81 177
82 177 90 177
91 177 99 177
100 177 110 177
118 177 129 177
130 177 140 177
147 177 158 177
159 177 170 177
71 178 73 180
74 178 77 180
78 178 80 180
81 178 84 180
85 178 88 180
73 181 84 181
73 182 74 186
76 182 77 186
78 182 79 186
81 182 84 184
85 181 86 186
87 181 88 186
89 178 90 183
91 178 92 183
93 178 94 183
95 178 96 183
100 178 101 183
102 178 103 183
104 178 105 183
106 178 107 183
108 178 109 183
110 178 111 183
112 178 113 183
114 178 115 183
116 178 117 183
118 178 119 183
120 178 121 183
122 178 133 178
122 179 133 179
122 180 124 183
125 180 126 183
127 180 129 183
131 180 133 183
134 178 135 183
136 178 137 183
138 178 139 183
140 178 141 183
142 178 151 178
142 179 144 182
145 179 146 182
147 179 148 182
149 179 151 182
142 183 151 183
152 178 153 183
154 178 155 183
156 178 157 183
158 178 159 183
160 178 161 183
162 178 163 183
164 178 165 183
89 184 94 185
100 184 105 185
106 184 111 185
112 184 117 185
118 184 123 185
124 184 129 185
130 184 135 185
136 184 141 185
142 184 147 185
148 184 153 185
154 184 159 185
160 184 165 185
89 186 98 186
99 186 108 186
109 186 117 186
118 186 129 186
130 186 138 186
139 186 147 186
166 178 166 186
167 178 167 186
168 178 170 180
169 181 170 186
171 177 171 186
172 177 172 186
173 177 174 182
173 183 175 186
176 176 176 186
177 176 178 179
177 181 178 186
179 176 179 186
180 176 180 186
181 176 181 186
182 176 182 186
183 176 183 186
47 187 49 190
47 191 47 202
48 191 48 202
49 191 49 202
50 187 61 187
66 187 77 187
78 187 89 187
90 187 101 187
102 187 113 187
50 188 50 195
51 188 56 189
57 188 61 189
62 188 65 189
66 188 69 189
70 188 74 189
75 188 80 189
81 188 85 189
92 188 97 189
98 188 103 189
51 191 53 194
54 190 55 195
56 190 57 195
58 190 59 195
60 190 61 195
62 190 63 195
64 190 65 195
66 190 67 195
68 190 69 195
70 190 71 195
72 190 73 195
74 190 75 195
76 190 80 191
81 190 85 191
86 190 91 191
76 192 78 195
79 192 81 195
82 192 84 195
85 192 87 195
92 190 93 195
94 190 95 195
96 190 97 195
100 190 101 195
102 190 103 195
104 188 107 190
104 191 105 195
108 188 113 189
108 190 109 195
110 190 111 195
50 196 53 197
50 198 51 202
52 198 53 202
54 196 58 197
54 198 55 202
57 198 58 202
59 196 61 198
67 196 70 198
71 196 74 198
75 196 78 198
79 196 82 198
83 196 86 198
59 199 63 200
64 199 69 200
70 199 74 200
75 199 78 200
59 201 64 202
65 201 69 202
70 201 74 202
75 201 79 202
80 201 83 202
87 196 88 201
89 196 90 201
91 196 92 201
93 196 94 201
95 196 96 201
97 196 98 201
99 196 100 201
102 196 103 201
104 196 105 201
106 196 107 201
108 196 109 201
110 196 111 201
112 196 113 201
87 202 97 202
102 202 113 202
114 187 117 188
114 189 117 191
114 192 114 202
116 192 116 202
117 192 117 202
118 187 118 198
119 187 119 198
120 187 120 198
127 187 138 187
121 188 126 189
127 188 132 189
133 188 138 189
121 190 124 192
121 193 122 198
125 190 125 198
126 190 126 198
127 190 138 190
127 191 138 191
127 192 138 192
127 193 128 198
129 193 130 198
131 193 132 198
133 193 134 198
135 193 136 198
139 187 139 198
140 187 140 198
118 199 120 202
121 199 123 202
124 199 125 202
126 199 128 202
129 199 131 202
132 199 133 202
134 199 136 202
138 199 140 202
141 187 145 188
149 187 154 188
142 189 142 198
143 189 143 198
144 189 144 198
145 189 145 198
146 189 146 198
147 189 147 198
148 189 148 198
149 189 149 198
152 189 154 192
150 193 154 194
150 195 154 196
150 197 154 198
141 199 143 202
144 199 146 202
147 199 149 202
152 199 154 202
155 187 156 191
155 192 155 202
156 192 156 202
157 187 159 189
157 190 159 193
158 194 158 202
159 194 159 202
160 187 161 192
162 187 163 192
165 187 166 192
160 193 162 196
163 193 164 196
160 197 161 202
162 197 163 202
165 197 166 202
167 187 168 192
167 193 167 202
169 191 169 202
170 187 171 191
171 192 171 202
172 187 183 187
172 188 172 199
174 188 174 199
175 188 175 199
176 188 176 199
177 188 177 199
178 188 178 199
179 188 179 199
180 188 180 199
181 188 181 199
182 188 182 199
183 188 183 199
172 200 183 200
172 201 183 201
172 202 183 202
47 203 50 205
47 206 50 208
47 209 48 212
47 213 47 223
48 213 48 223
49 209 50 214
49 218 50 223
47 224 50 226
47 227 50 229
47 230 48 235
49 230 50 235
47 236 50 238
51 203 59 203
51 204 59 204
51 205 59 205
51 206 59 206
51 207 51 215
52 207 52 215
53 207 53 215
54 207 54 215
55 207 55 215
56 207 56 215
57 207 57 215
58 210 59 215
51 216 51 223
52 216 53 221
54 216 55 221
56 216 57 221
58 216 59 221
52 222 59 222
52 223 59 223
51 224 59 224
51 225 59 225
51 226 53 229
54 226 56 229
57 226 59 229
51 233 52 238
53 230 53 238
54 230 56 232
54 233 59 234
54 235 59 236
54 237 59 238
60 203 62 205
60 206 62 209
60 210 62 212
60 213 62 216
60 217 62 219
60 220 62 222
60 223 62 225
60 226 62 228
60 229 60 238
62 229 62 238
63 203 64 208
65 203 66 208
68 203 69 208
63 209 65 212
67 209 69 212
64 213 69 214
64 215 69 216
63 225 63 236
64 217 69 218
64 219 69 220
64 221 69 222
64 223 69 224
64 225 67 226
64 227 65 231
66 227 67 231
66 232 67 236
68 225 68 236
69 225 69 236
64 237 69 238
70 203 78 203
70 204 78 204
70 205 78 205
70 206 78 206
70 211 70 222
73 207 78 208
71 209 78 209
71 210 71 219
72 210 72 219
73 210 73 219
74 210 75 215
76 210 77 215
74 216 78 217
74 218 78 219
71 220 73 222
75 220 78 222
79 203 82 205
79 206 82 207
79 208 82 210
79 211 79 222
80 211 80 222
81 211 82 214
81 217 82 222
83 203 86 205
83 206 86 207
83 208 86 210
83 211 83 222
84 211 84 222
85 211 85 222
86 211 86 222
70 223 70 231
71 223 71 231
72 223 72 231
73 225 74 230
75 223 86 223
75 227 77 230
81 224 84 226
78 227 80 230
82 227 84 230
85 225 86 230
75 231 86 231
73 232 84 232
73 233 84 233
70 234 78 234
73 235 75 238
76 235 78 238
79 234 80 238
81 234 82 238
83 234 84 238
85 233 86 238
87 203 87 212
87 213 87 223
87 227 87 238
88 203 89 206
88 207 89 211
88 212 89 216
88 217 89 220
88 221 89 226
88 227 88 238
89 227 89 238
90 203 90 214
91 203 91 214
92 203 92 214
93 203 93 214
94 203 94 214
95 203 95 214
96 203 96 214
97 203 97 214
98 203 98 214
99 203 99 214
100 203 109 203
100 204 109 204
100 205 109 205
102 206 103 211
104 206 105 211
100 212 105 213
106 206 107 210
108 206 109 210
106 211 109 213
100 214 109 214
110 203 110 214
111 203 111 214
112 203 112 214
95 215 106 215
90 216 100 216
107 215 112 216
113 203 115 206
113 207 113 216
114 207 114 216
115 207 115 216
116 203 119 204
120 203 125 204
126 203 131 204
119 205 122 207
117 208 117 216
118 208 118 216
119 208 119 216
120 208 121 212
120 213 122 216
123 205 123 216
124 205 124 216
125 205 125 216
126 205 126 216
127 205 127 216
128 205 128 216
129 205 129 216
130 205 130 216
131 205 131 216
132 205 132 216
90 217 92 219
93 217 95 219
96 217 98 219
99 217 101 219
102 217 104 219
105 217 108 219
109 217 111 219
112 217 114 219
115 217 117 219
118 217 121 219
122 217 124 219
125 217 127 219
129 217 132 219
93 220 95 223
96 220 97 223
101 220 103 223
104 220 106 223
107 220 109 223
110 220 112 223
103 224 114 224
90 225 91 230
93 225 94 230
95 225 96 230
97 225 98 230
99 225 100 230
101 225 102 230
103 225 104 230
105 225 106 230
107 225 108 230
109 225 110 230
111 225 112 230
100 231 111 231
90 232 101 232
113 227 114 232
90 233 93 234
94 233 98 234
99 233 102 234
103 233 107 234
108 233 112 234
115 223 115 234
90 235 92 238
93 235 94 238
95 235 96 238
97 235 99 238
100 235 101 238
102 235 104 238
105 235 107 238
108 235 109 238
110 235 112 238
113 235 115 238
116 220 121 221
127 220 132 221
116 222 120 223
116 224 117 229
119 224 120 229
121 222 131 222
121 223 131 223
121 224 122 229
123 224 124 229
125 224 126 229
127 224 128 229
129 224 131 227
120 230 131 230
132 222 132 230
116 232 117 237
118 231 121 233
119 234 121 237
122 231 132 231
122 232 132 232
122 233 132 233
122 234 124 237
125 234 127 237
130 234 132 237
121 238 132 238
133 208 133 219
134 203 135 208
134 209 134 219
135 209 135 219
133 220 134 225
133 226 133 234
135 223 135 234
133 235 135 238
136 203 136 213
136 214 136 221
136 227 136 238
137 203 141 204
137 205 137 216
138 205 138 216
139 205 139 216
140 205 140 216
141 205 141 216
137 217 141 218
137 219 141 220
137 221 141 222
137 223 141 224
137 225 141 226
137 227 141 228
137 229 137 238
138 229 138 238
139 229 139 238
140 229 140 238
142 203 153 203
142 204 144 207
145 204 147 207
142 208 142 217
144 208 145 213
146 208 147 213
143 214 147 215
143 216 147 217
142 218 147 219
142 220 147 221
142 222 142 232
143 222 143 232
144 222 144 232
145 222 145 232
146 222 146 232
147 222 147 232
142 233 147 234
142 235 147 236
142 237 147 238
148 204 153 205
148 207 149 212
148 213 149 218
148 219 149 224
150 206 153 208
150 209 153 211
150 212 153 214
150 215 150 224
151 215 151 224
152 215 152 224
153 215 153 224
148 225 153 226
148 227 153 228
148 229 153 230
148 231 153 232
148 233 153 234
148 235 153 236
148 237 153 238
154 206 156 209
157 203 162 204
157 205 158 209
159 205 160 209
161 205 162 209
154 210 157 212
159 210 162 212
163 203 163 212
164 203 164 212
165 203 165 212
166 203 166 212
168 203 173 204
170 205 173 207
167 208 168 212
170 208 171 212
172 208 173 212
162 213 173 213
174 203 174 213
175 203 175 213
176 203 176 213
154 214 156 217
157 214 159 217
160 214 161 217
162 214 164 217
165 214 166 217
168 214 170 217
171 214 173 217
174 214 176 217
154 218 155 223
156 218 157 223
158 218 159 223
161 218 162 223
154 224 162 224
163 218 166 219
163 220 166 221
163 222 166 224
167 218 170 220
168 221 170 224
171 219 172 224
173 218 176 220
174 221 176 224
154 225 156 228
157 225 159 228
160 225 162 228
163 225 165 228
166 225 168 228
169 226 174 227
169 228 176 228
154 229 155 234
156 229 157 234
159 229 160 234
161 229 162 234
163 229 164 234
165 229 166 234
167 229 168 234
169 229 170 234
171 229 172 234
173 229 174 234
175 229 176 234
154 235 158 236
159 235 163 236
164 235 167 236
171 235 176 236
154 237 159 238
160 237 165 238
166 237 171 238
177 203 177 212
178 203 180 205
178 206 180 208
178 209 180 212
181 203 181 212
182 203 182 212
183 203 183 212
177 215 177 226
178 213 181 215
178 216 178 226
179 216 179 226
180 216 180 226
177 227 181 228
177 229 181 230
182 213 183 218
182 219 182 230
183 219 183 230
178 231 183 232
177 233 179 236
181 233 183 236
178 237 183 238
3 239 8 240
9 239 14 240
15 239 20 240
21 239 26 240
1 241 6 242
9 241 14 242
2 243 7 244
1 245 2 249
3 245 4 249
6 245 7 249
8 243 10 245
11 243 14 245
8 246 10 249
11 246 13 249
15 241 15 249
16 241 17 245
19 241 20 245
16 246 20 247
16 248 20 249
21 241 22 245
23 241 24 245
25 241 26 245
21 246 26 247
21 248 26 249
27 239 28 242
27 244 28 249
29 239 29 249
30 239 30 249
31 239 31 249
32 239 32 249
33 239 42 239
35 240 36 245
37 240 38 245
39 240 40 245
41 240 42 245
43 242 45 245
33 246 35 249
36 246 38 249
39 246 40 249
41 246 42 249
43 246 45 249
46 239 46 249
47 239 52 240
47 241 52 242
49 243 50 247
51 243 52 247
47 248 52 249
53 239 53 249
54 239 54 249
55 239 55 249
56 239 56 249
57 239 57 249
58 239 58 249
59 239 59 249
60 239 60 249
61 239 61 249
62 239 62 249
63 239 63 249
64 239 64 249
65 239 65 249
66 239 66 249
67 239 67 249
69 239 69 249
70 239 70 249
71 239 73 241
71 242 72 245
73 242 75 245
71 246 75 247
71 248 75 249
76 239 76 249
77 239 77 249
78 239 78 249
79 239 79 249
80 239 80 249
81 239 81 249
82 239 82 249
83 239 83 249
84 239 84 249
85 239 85 249
86 239 86 249
87 239 87 249
88 239 88 249
89 239 89 249
90 241 91 246
92 239 94 242
92 243 94 246
95 239 95 246
96 239 96 246
90 247 92 249
94 247 97 249
98 239 98 249
99 239 99 249
100 239 100 249
101 239 101 249
102 239 102 249
103 239 103 249
104 239 104 249
105 239 105 249
106 239 106 249
107 239 107 249
108 239 108 249
109 239 109 249
110 239 110 249
111 239 111 249
112 239 112 249
113 239 113 249
114 239 116 242
114 246 116 249
117 239 117 249
118 239 118 249
119 239 119 249
120 239 120 249
121 239 121 249
122 239 122 249
123 239 123 249
124 239 124 249
125 239 127 242
128 239 130 242
131 239 132 242
133 239 135 242
136 239 138 242
139 239 140 242
141 239 143 242
145 239 147 242
128 243 139 243
125 244 126 249
127 244 128 249
129 244 130 249
131 244 132 249
133 244 134 249
135 244 136 249
138 244 139 249
140 243 141 248
142 243 143 248
144 243 145 248
140 249 147 249
148 239 148 249
149 239 149 249
150 239 151 243
150 244 151 249
152 239 152 249
153 239 153 249
154 239 154 249
155 239 155 249
156 239 156 249
157 239 157 249
158 239 158 249
159 239 159 249
160 239 160 249
161 239 161 249
162 239 162 249
163 239 163 249
164 239 164 249
165 239 172 239
165 240 166 244
167 240 168 244
165 245 170 246
171 241 172 246
165 247 168 249
173 239 173 249
174 239 174 249
175 239 175 249
176 239 176 249
177 239 177 249
178 239 178 249
179 239 179 249
180 239 180 249
181 239 181 249
182 239 182 249
183 239 183 249
184 57 184 68
185 57 185 68
186 57 186 68
187 57 187 68
188 57 188 68
189 57 189 68
190 57 190 68
191 57 191 68
192 57 192 68
193 57 193 68
194 57 194 68
195 57 195 68
184 69 195 69
196 57 199 59
197 60 197 69
198 60 198 69
199 60 199 69
184 70 186 72
184 73 186 76
184 77 186 79
184 80 186 82
184 90 185 95
186 84 186 95
184 96 186 99
184 100 186 103
184 104 186 107
184 108 186 111
184 112 186 115
184 116 186 119
184 120 186 123
184 124 186 127
184 128 186 131
184 132 184 142
186 132 186 142
184 143 186 146
184 147 185 152
184 153 184 162
184 163 185 168
184 169 185 174
184 175 185 180
184 181 185 184
184 185 185 189
184 190 185 193
184 194 185 197
184 198 185 202
184 204 185 209
184 210 185 215
184 216 184 225
185 216 185 225
186 147 186 154
186 155 186 165
186 166 186 174
186 175 186 183
186 184 186 195
186 196 186 203
186 204 186 212
186 214 186 225
184 226 186 229
184 230 186 233
184 234 186 237
184 238 186 241
184 242 186 245
184 246 186 249
187 70 191 71
187 72 190 74
187 75 190 77
187 78 190 79
187 80 190 82
187 83 190 85
187 86 188 91
187 100 188 105
187 106 188 111
189 86 190 91
189 92 190 96
189 97 190 101
189 102 189 111
187 112 190 114
187 115 190 117
187 118 190 119
187 120 190 122
187 123 190 125
187 126 187 136
188 126 188 136
189 131 190 136
191 72 191 83
191 84 191 91
191 92 191 100
191 101 191 108
191 109 191 119
191 125 191 136
187 137 188 142
190 137 191 142
187 143 191 144
187 145 191 146
192 71 193 76
192 77 193 82
192 83 193 88
192 92 193 97
192 100 192 111
193 100 193 111
192 112 193 116
192 117 193 121
192 122 193 127
192 128 193 132
192 133 193 138
192 141 193 146
187 147 191 148
187 149 191 150
187 151 191 152
187 153 191 154
187 155 191 156
187 157 191 158
187 159 191 160
187 161 191 162
187 163 188 167
188 168 188 177
187 178 188 183
187 184 188 189
187 190 188 195
189 163 190 168
189 169 190 172
189 173 189 182
190 173 190 182
191 171 191 182
189 183 191 185
189 186 189 195
190 186 190 195
187 196 191 197
187 198 191 199
187 200 187 211
188 200 188 211
189 200 189 211
190 200 190 211
191 200 191 211
187 212 191 213
192 147 192 157
192 163 192 174
193 147 193 158
193 163 193 174
192 175 193 180
192 181 193 186
192 187 193 192
192 193 193 198
192 199 192 207
193 199 193 207
192 208 193 213
187 214 191 215
187 216 191 217
187 218 187 225
188 218 190 220
188 221 189 225
191 218 191 225
187 226 191 227
187 228 188 233
190 228 191 233
187 234 187 245
188 234 188 245
189 234 189 245
190 234 190 245
187 246 191 247
187 248 191 249
192 214 192 225
193 214 193 225
192 226 193 231
192 232 193 237
192 238 193 243
192 244 193 249
194 70 199 71
194 72 199 73
194 74 199 75
194 76 199 77
194 78 199 79
194 80 199 81
194 82 199 83
194 84 199 85
194 86 199 87
194 88 194 99
195 88 195 99
196 88 196 99
197 88 197 99
198 88 198 99
194 100 195 105
197 100 198 105
194 106 194 117
195 106 195 117
196 106 196 117
197 106 197 117
199 88 199 95
199 106 199 117
194 118 199 119
194 120 199 121
194 122 199 123
194 130 194 141
195 124 195 133
196 124 199 126
196 127 199 128
196 129 199 131
196 132 199 134
196 135 199 137
196 138 197 141
194 142 199 143
194 144 199 145
194 146 199 147
194 148 199 149
194 150 199 151
194 152 199 153
194 154 199 155
194 156 199 157
194 158 199 159
194 160 199 161
194 162 195 167
196 162 197 167
198 162 199 167
194 168 199 169
194 170 199 171
194 172 199 173
194 174 199 175
194 176 199 177
194 178 199 179
194 180 199 181
194 182 199 183
194 184 199 185
194 186 199 187
194 188 199 189
194 190 199 191
194 192 199 193
194 194 194 205
195 194 195 205
196 194 196 205
197 194 197 205
198 194 198 205
199 194 199 205
194 206 199 207
194 208 199 209
194 210 199 211
194 212 199 213
194 214 199 215
194 216 199 217
194 218 196 221
197 218 199 221
194 222 199 223
194 224 195 229
196 224 197 229
198 224 199 229
194 230 199 231
194 232 199 233
194 234 199 235
194 236 199 237
194 238 199 239
194 240 199 241
194 242 199 243
194 244 199 245
194 246 199 247
194 248 199 249
